<?xml version="1.0" encoding="UTF-8"?>
<!-- Generated by org.testng.reporters.JUnitXMLReporter -->
<testsuite hostname="HDC2-L-9227QQ2" ignored="0" name="Default test" tests="3" failures="0" timestamp="04 May 2020 10:34:11 GMT" time="42.387" errors="0">
  <testcase name="login" time="0.012" classname="pack99.Launch456"/>
  <testcase name="logout" time="0.001" classname="pack99.Launch456"/>
  <testcase name="register" time="42.333" classname="pack99.Launch456"/>
</testsuite> <!-- Default test -->
