<?xml version="1.0" encoding="UTF-8"?>
<testng-results skipped="0" failed="0" ignored="0" total="3" passed="3">
  <reporter-output>
  </reporter-output>
  <suite name="Default suite" duration-ms="42387" started-at="2020-05-04T10:33:29Z" finished-at="2020-05-04T10:34:11Z">
    <groups>
    </groups>
    <test name="Default test" duration-ms="42387" started-at="2020-05-04T10:33:29Z" finished-at="2020-05-04T10:34:11Z">
      <class name="pack99.Launch456">
        <test-method status="PASS" signature="login()[pri:0, instance:pack99.Launch456@55f3ddb1]" name="login" duration-ms="12" started-at="2020-05-04T10:33:29Z" finished-at="2020-05-04T10:33:29Z">
          <reporter-output>
          </reporter-output>
        </test-method> <!-- login -->
        <test-method status="PASS" signature="logout()[pri:0, instance:pack99.Launch456@55f3ddb1]" name="logout" duration-ms="1" started-at="2020-05-04T10:33:29Z" finished-at="2020-05-04T10:33:29Z">
          <reporter-output>
          </reporter-output>
        </test-method> <!-- logout -->
        <test-method status="PASS" signature="register()[pri:0, instance:pack99.Launch456@55f3ddb1]" name="register" duration-ms="42333" started-at="2020-05-04T10:33:29Z" finished-at="2020-05-04T10:34:11Z">
          <reporter-output>
          </reporter-output>
        </test-method> <!-- register -->
      </class> <!-- pack99.Launch456 -->
    </test> <!-- Default test -->
  </suite> <!-- Default suite -->
</testng-results>
